***** 2023/07/08 01:40:41 *****
QE Version                                        :3.2.0.v20230116-0619
Project Path                                      :C:\Users\a8456\e2_studio\workspace_4.4\RA2E1_Clock
Configuration File                                :RA2E1_Clock
IDE                                               :e2 studio with Emulator
Emulator                                          :
MCU                                               :RA2E1 R7FA2E1A72DFL
<< METHOD 0 >>
[Button(self) 1]
TS                                                : TS28,

<<<< Tuning Type : Normal >>>>
System Clock Frequency (MHz)                      :48.000
PCLKB Frequency (MHz)                             :24.000
CTSU Operating Frequency (MHz)                    :24.000
Operating Voltage (V)                             :3.300

---------- Phase1 ----------
<< METHOD 0 >>
[TS28]
Count Value                                       : 4005
Resistance Value (ohm)                            : 560
Parasitic Capacitance (pF)                        : 27.8125
Sensor Drive Pulse Frequency (MHz)                : 1.0


---------- Phase2 ----------
<< METHOD 0 >>
[TS28]
Sensor Drive Pulse Frequency (MHz)                : 1.0
CTSUSNUM                                          : 15
CTSUSDPA                                          : 15
CTSUSO                                            : 156


---------- Phase3 ----------
<< METHOD 0 >>
[Button(self) 1]
  << TS28 >>
  Count Value (Off)                               : 15422
  Count Value (On)                                : 58636
  Threshold                                       : 25928
  Hysteresis                                      : 1296

